<html>
<head>
<title>TestNG:  smoke</title>
<link href="../testng.css" rel="stylesheet" type="text/css" />
<link href="../my-testng.css" rel="stylesheet" type="text/css" />

<style type="text/css">
.log { display: none;} 
.stack-trace { display: none;} 
</style>
<script type="text/javascript">
<!--
function flip(e) {
  current = e.style.display;
  if (current == 'block') {
    e.style.display = 'none';
    return 0;
  }
  else {
    e.style.display = 'block';
    return 1;
  }
}

function toggleBox(szDivId, elem, msg1, msg2)
{
  var res = -1;  if (document.getElementById) {
    res = flip(document.getElementById(szDivId));
  }
  else if (document.all) {
    // this is the way old msie versions work
    res = flip(document.all[szDivId]);
  }
  if(elem) {
    if(res == 0) elem.innerHTML = msg1; else elem.innerHTML = msg2;
  }

}

function toggleAllBoxes() {
  if (document.getElementsByTagName) {
    d = document.getElementsByTagName('div');
    for (i = 0; i < d.length; i++) {
      if (d[i].className == 'log') {
        flip(d[i]);
      }
    }
  }
}

// -->
</script>

</head>
<body>
<h2 align='center'>smoke</h2><table border='1' align="center">
<tr>
<td>Tests passed/Failed/Skipped:</td><td>19/5/0</td>
</tr><tr>
<td>Started on:</td><td>Tue Oct 03 19:18:24 IST 2023</td>
</tr>
<tr><td>Total time:</td><td>251 seconds (251176 ms)</td>
</tr><tr>
<td>Included groups:</td><td></td>
</tr><tr>
<td>Excluded groups:</td><td></td>
</tr>
</table><p/>
<small><i>(Hover the method name to see the test class name)</i></small><p/>
<table width='100%' border='1' class='invocation-failed'>
<tr><td colspan='4' align='center'><b>FAILED TESTS</b></td></tr>
<tr><td><b>Test method</b></td>
<td width="30%"><b>Exception</b></td>
<td width="10%"><b>Time (seconds)</b></td>
<td><b>Instance</b></td>
</tr>
<tr>
<td title='cp.testCases.TilapageTest.verifySignContract()'><b>verifySignContract</b><br>Test class: cp.testCases.TilapageTest</td>
<td><div><pre>java.lang.AssertionError: expected [true] but found [false]
	at cp.testCases.TilapageTest.verifySignContract(TilapageTest.java:42)
	at java.util.ArrayList.forEach(Unknown Source)
... Removed 33 stack frames</pre></div><a href='#' onClick='toggleBox("stack-trace355900787", this, "Click to show all stack frames", "Click to hide stack frames")'>Click to show all stack frames</a>
<div class='stack-trace' id='stack-trace355900787'><pre>java.lang.AssertionError: expected [true] but found [false]
	at org.testng.Assert.fail(Assert.java:99)
	at org.testng.Assert.failNotEquals(Assert.java:1037)
	at org.testng.Assert.assertEqualsImpl(Assert.java:140)
	at org.testng.Assert.assertEquals(Assert.java:122)
	at org.testng.Assert.assertEquals(Assert.java:819)
	at org.testng.Assert.assertEquals(Assert.java:829)
	at cp.testCases.TilapageTest.verifySignContract(TilapageTest.java:42)
	at sun.reflect.NativeMethodAccessorImpl.invoke0(Native Method)
	at sun.reflect.NativeMethodAccessorImpl.invoke(Unknown Source)
	at sun.reflect.DelegatingMethodAccessorImpl.invoke(Unknown Source)
	at java.lang.reflect.Method.invoke(Unknown Source)
	at org.testng.internal.MethodInvocationHelper.invokeMethod(MethodInvocationHelper.java:133)
	at org.testng.internal.TestInvoker.invokeMethod(TestInvoker.java:598)
	at org.testng.internal.TestInvoker.invokeTestMethod(TestInvoker.java:173)
	at org.testng.internal.MethodRunner.runInSequence(MethodRunner.java:46)
	at org.testng.internal.TestInvoker$MethodInvocationAgent.invoke(TestInvoker.java:824)
	at org.testng.internal.TestInvoker.invokeTestMethods(TestInvoker.java:146)
	at org.testng.internal.TestMethodWorker.invokeTestMethods(TestMethodWorker.java:146)
	at org.testng.internal.TestMethodWorker.run(TestMethodWorker.java:128)
	at java.util.ArrayList.forEach(Unknown Source)
	at org.testng.TestRunner.privateRun(TestRunner.java:794)
	at org.testng.TestRunner.run(TestRunner.java:596)
	at org.testng.SuiteRunner.runTest(SuiteRunner.java:377)
	at org.testng.SuiteRunner.runSequentially(SuiteRunner.java:371)
	at org.testng.SuiteRunner.privateRun(SuiteRunner.java:332)
	at org.testng.SuiteRunner.run(SuiteRunner.java:276)
	at org.testng.SuiteRunnerWorker.runSuite(SuiteRunnerWorker.java:53)
	at org.testng.SuiteRunnerWorker.run(SuiteRunnerWorker.java:96)
	at org.testng.TestNG.runSuitesSequentially(TestNG.java:1212)
	at org.testng.TestNG.runSuitesLocally(TestNG.java:1134)
	at org.testng.TestNG.runSuites(TestNG.java:1063)
	at org.testng.TestNG.run(TestNG.java:1031)
	at org.testng.remote.AbstractRemoteTestNG.run(AbstractRemoteTestNG.java:115)
	at org.testng.remote.RemoteTestNG.initAndRun(RemoteTestNG.java:251)
	at org.testng.remote.RemoteTestNG.main(RemoteTestNG.java:77)
</pre></div></td>
<td>10</td>
<td>cp.testCases.TilapageTest@11e21d0e</td></tr>
<tr>
<td title='cp.testCases.TilapageTest.verifyconsent1()'><b>verifyconsent1</b><br>Test class: cp.testCases.TilapageTest</td>
<td><div><pre>java.lang.AssertionError: expected [true] but found [false]
	at cp.testCases.TilapageTest.verifyconsent1(TilapageTest.java:30)
	at java.util.ArrayList.forEach(Unknown Source)
... Removed 33 stack frames</pre></div><a href='#' onClick='toggleBox("stack-trace732918485", this, "Click to show all stack frames", "Click to hide stack frames")'>Click to show all stack frames</a>
<div class='stack-trace' id='stack-trace732918485'><pre>java.lang.AssertionError: expected [true] but found [false]
	at org.testng.Assert.fail(Assert.java:99)
	at org.testng.Assert.failNotEquals(Assert.java:1037)
	at org.testng.Assert.assertEqualsImpl(Assert.java:140)
	at org.testng.Assert.assertEquals(Assert.java:122)
	at org.testng.Assert.assertEquals(Assert.java:819)
	at org.testng.Assert.assertEquals(Assert.java:829)
	at cp.testCases.TilapageTest.verifyconsent1(TilapageTest.java:30)
	at sun.reflect.NativeMethodAccessorImpl.invoke0(Native Method)
	at sun.reflect.NativeMethodAccessorImpl.invoke(Unknown Source)
	at sun.reflect.DelegatingMethodAccessorImpl.invoke(Unknown Source)
	at java.lang.reflect.Method.invoke(Unknown Source)
	at org.testng.internal.MethodInvocationHelper.invokeMethod(MethodInvocationHelper.java:133)
	at org.testng.internal.TestInvoker.invokeMethod(TestInvoker.java:598)
	at org.testng.internal.TestInvoker.invokeTestMethod(TestInvoker.java:173)
	at org.testng.internal.MethodRunner.runInSequence(MethodRunner.java:46)
	at org.testng.internal.TestInvoker$MethodInvocationAgent.invoke(TestInvoker.java:824)
	at org.testng.internal.TestInvoker.invokeTestMethods(TestInvoker.java:146)
	at org.testng.internal.TestMethodWorker.invokeTestMethods(TestMethodWorker.java:146)
	at org.testng.internal.TestMethodWorker.run(TestMethodWorker.java:128)
	at java.util.ArrayList.forEach(Unknown Source)
	at org.testng.TestRunner.privateRun(TestRunner.java:794)
	at org.testng.TestRunner.run(TestRunner.java:596)
	at org.testng.SuiteRunner.runTest(SuiteRunner.java:377)
	at org.testng.SuiteRunner.runSequentially(SuiteRunner.java:371)
	at org.testng.SuiteRunner.privateRun(SuiteRunner.java:332)
	at org.testng.SuiteRunner.run(SuiteRunner.java:276)
	at org.testng.SuiteRunnerWorker.runSuite(SuiteRunnerWorker.java:53)
	at org.testng.SuiteRunnerWorker.run(SuiteRunnerWorker.java:96)
	at org.testng.TestNG.runSuitesSequentially(TestNG.java:1212)
	at org.testng.TestNG.runSuitesLocally(TestNG.java:1134)
	at org.testng.TestNG.runSuites(TestNG.java:1063)
	at org.testng.TestNG.run(TestNG.java:1031)
	at org.testng.remote.AbstractRemoteTestNG.run(AbstractRemoteTestNG.java:115)
	at org.testng.remote.RemoteTestNG.initAndRun(RemoteTestNG.java:251)
	at org.testng.remote.RemoteTestNG.main(RemoteTestNG.java:77)
</pre></div></td>
<td>51</td>
<td>cp.testCases.TilapageTest@11e21d0e</td></tr>
<tr>
<td title='cp.testCases.PaymentSetupTest.verifyRepaymentInfoText()'><b>verifyRepaymentInfoText</b><br>Test class: cp.testCases.PaymentSetupTest</td>
<td><div><pre>java.lang.AssertionError: expected [false] but found [true]
	at cp.testCases.PaymentSetupTest.verifyRepaymentInfoText(PaymentSetupTest.java:31)
	at java.util.ArrayList.forEach(Unknown Source)
... Removed 33 stack frames</pre></div><a href='#' onClick='toggleBox("stack-trace1436127733", this, "Click to show all stack frames", "Click to hide stack frames")'>Click to show all stack frames</a>
<div class='stack-trace' id='stack-trace1436127733'><pre>java.lang.AssertionError: expected [false] but found [true]
	at org.testng.Assert.fail(Assert.java:99)
	at org.testng.Assert.failNotEquals(Assert.java:1037)
	at org.testng.Assert.assertEqualsImpl(Assert.java:140)
	at org.testng.Assert.assertEquals(Assert.java:122)
	at org.testng.Assert.assertEquals(Assert.java:819)
	at org.testng.Assert.assertEquals(Assert.java:829)
	at cp.testCases.PaymentSetupTest.verifyRepaymentInfoText(PaymentSetupTest.java:31)
	at sun.reflect.NativeMethodAccessorImpl.invoke0(Native Method)
	at sun.reflect.NativeMethodAccessorImpl.invoke(Unknown Source)
	at sun.reflect.DelegatingMethodAccessorImpl.invoke(Unknown Source)
	at java.lang.reflect.Method.invoke(Unknown Source)
	at org.testng.internal.MethodInvocationHelper.invokeMethod(MethodInvocationHelper.java:133)
	at org.testng.internal.TestInvoker.invokeMethod(TestInvoker.java:598)
	at org.testng.internal.TestInvoker.invokeTestMethod(TestInvoker.java:173)
	at org.testng.internal.MethodRunner.runInSequence(MethodRunner.java:46)
	at org.testng.internal.TestInvoker$MethodInvocationAgent.invoke(TestInvoker.java:824)
	at org.testng.internal.TestInvoker.invokeTestMethods(TestInvoker.java:146)
	at org.testng.internal.TestMethodWorker.invokeTestMethods(TestMethodWorker.java:146)
	at org.testng.internal.TestMethodWorker.run(TestMethodWorker.java:128)
	at java.util.ArrayList.forEach(Unknown Source)
	at org.testng.TestRunner.privateRun(TestRunner.java:794)
	at org.testng.TestRunner.run(TestRunner.java:596)
	at org.testng.SuiteRunner.runTest(SuiteRunner.java:377)
	at org.testng.SuiteRunner.runSequentially(SuiteRunner.java:371)
	at org.testng.SuiteRunner.privateRun(SuiteRunner.java:332)
	at org.testng.SuiteRunner.run(SuiteRunner.java:276)
	at org.testng.SuiteRunnerWorker.runSuite(SuiteRunnerWorker.java:53)
	at org.testng.SuiteRunnerWorker.run(SuiteRunnerWorker.java:96)
	at org.testng.TestNG.runSuitesSequentially(TestNG.java:1212)
	at org.testng.TestNG.runSuitesLocally(TestNG.java:1134)
	at org.testng.TestNG.runSuites(TestNG.java:1063)
	at org.testng.TestNG.run(TestNG.java:1031)
	at org.testng.remote.AbstractRemoteTestNG.run(AbstractRemoteTestNG.java:115)
	at org.testng.remote.RemoteTestNG.initAndRun(RemoteTestNG.java:251)
	at org.testng.remote.RemoteTestNG.main(RemoteTestNG.java:77)
</pre></div></td>
<td>10</td>
<td>cp.testCases.PaymentSetupTest@b59d31</td></tr>
<tr>
<td title='cp.testCases.TilapageTest.verifyconsent2()'><b>verifyconsent2</b><br>Test class: cp.testCases.TilapageTest</td>
<td><div><pre>java.lang.AssertionError: expected [true] but found [false]
	at cp.testCases.TilapageTest.verifyconsent2(TilapageTest.java:36)
	at java.util.ArrayList.forEach(Unknown Source)
... Removed 33 stack frames</pre></div><a href='#' onClick='toggleBox("stack-trace732611751", this, "Click to show all stack frames", "Click to hide stack frames")'>Click to show all stack frames</a>
<div class='stack-trace' id='stack-trace732611751'><pre>java.lang.AssertionError: expected [true] but found [false]
	at org.testng.Assert.fail(Assert.java:99)
	at org.testng.Assert.failNotEquals(Assert.java:1037)
	at org.testng.Assert.assertEqualsImpl(Assert.java:140)
	at org.testng.Assert.assertEquals(Assert.java:122)
	at org.testng.Assert.assertEquals(Assert.java:819)
	at org.testng.Assert.assertEquals(Assert.java:829)
	at cp.testCases.TilapageTest.verifyconsent2(TilapageTest.java:36)
	at sun.reflect.NativeMethodAccessorImpl.invoke0(Native Method)
	at sun.reflect.NativeMethodAccessorImpl.invoke(Unknown Source)
	at sun.reflect.DelegatingMethodAccessorImpl.invoke(Unknown Source)
	at java.lang.reflect.Method.invoke(Unknown Source)
	at org.testng.internal.MethodInvocationHelper.invokeMethod(MethodInvocationHelper.java:133)
	at org.testng.internal.TestInvoker.invokeMethod(TestInvoker.java:598)
	at org.testng.internal.TestInvoker.invokeTestMethod(TestInvoker.java:173)
	at org.testng.internal.MethodRunner.runInSequence(MethodRunner.java:46)
	at org.testng.internal.TestInvoker$MethodInvocationAgent.invoke(TestInvoker.java:824)
	at org.testng.internal.TestInvoker.invokeTestMethods(TestInvoker.java:146)
	at org.testng.internal.TestMethodWorker.invokeTestMethods(TestMethodWorker.java:146)
	at org.testng.internal.TestMethodWorker.run(TestMethodWorker.java:128)
	at java.util.ArrayList.forEach(Unknown Source)
	at org.testng.TestRunner.privateRun(TestRunner.java:794)
	at org.testng.TestRunner.run(TestRunner.java:596)
	at org.testng.SuiteRunner.runTest(SuiteRunner.java:377)
	at org.testng.SuiteRunner.runSequentially(SuiteRunner.java:371)
	at org.testng.SuiteRunner.privateRun(SuiteRunner.java:332)
	at org.testng.SuiteRunner.run(SuiteRunner.java:276)
	at org.testng.SuiteRunnerWorker.runSuite(SuiteRunnerWorker.java:53)
	at org.testng.SuiteRunnerWorker.run(SuiteRunnerWorker.java:96)
	at org.testng.TestNG.runSuitesSequentially(TestNG.java:1212)
	at org.testng.TestNG.runSuitesLocally(TestNG.java:1134)
	at org.testng.TestNG.runSuites(TestNG.java:1063)
	at org.testng.TestNG.run(TestNG.java:1031)
	at org.testng.remote.AbstractRemoteTestNG.run(AbstractRemoteTestNG.java:115)
	at org.testng.remote.RemoteTestNG.initAndRun(RemoteTestNG.java:251)
	at org.testng.remote.RemoteTestNG.main(RemoteTestNG.java:77)
</pre></div></td>
<td>10</td>
<td>cp.testCases.TilapageTest@11e21d0e</td></tr>
<tr>
<td title='cp.testCases.HomepageTest.verifyLogo()'><b>verifyLogo</b><br>Test class: cp.testCases.HomepageTest</td>
<td><div><pre>java.lang.AssertionError: expected [true] but found [false]
	at cp.testCases.HomepageTest.verifyLogo(HomepageTest.java:70)
	at java.util.ArrayList.forEach(Unknown Source)
... Removed 33 stack frames</pre></div><a href='#' onClick='toggleBox("stack-trace179441020", this, "Click to show all stack frames", "Click to hide stack frames")'>Click to show all stack frames</a>
<div class='stack-trace' id='stack-trace179441020'><pre>java.lang.AssertionError: expected [true] but found [false]
	at org.testng.Assert.fail(Assert.java:99)
	at org.testng.Assert.failNotEquals(Assert.java:1037)
	at org.testng.Assert.assertEqualsImpl(Assert.java:140)
	at org.testng.Assert.assertEquals(Assert.java:122)
	at org.testng.Assert.assertEquals(Assert.java:819)
	at org.testng.Assert.assertEquals(Assert.java:829)
	at cp.testCases.HomepageTest.verifyLogo(HomepageTest.java:70)
	at sun.reflect.NativeMethodAccessorImpl.invoke0(Native Method)
	at sun.reflect.NativeMethodAccessorImpl.invoke(Unknown Source)
	at sun.reflect.DelegatingMethodAccessorImpl.invoke(Unknown Source)
	at java.lang.reflect.Method.invoke(Unknown Source)
	at org.testng.internal.MethodInvocationHelper.invokeMethod(MethodInvocationHelper.java:133)
	at org.testng.internal.TestInvoker.invokeMethod(TestInvoker.java:598)
	at org.testng.internal.TestInvoker.invokeTestMethod(TestInvoker.java:173)
	at org.testng.internal.MethodRunner.runInSequence(MethodRunner.java:46)
	at org.testng.internal.TestInvoker$MethodInvocationAgent.invoke(TestInvoker.java:824)
	at org.testng.internal.TestInvoker.invokeTestMethods(TestInvoker.java:146)
	at org.testng.internal.TestMethodWorker.invokeTestMethods(TestMethodWorker.java:146)
	at org.testng.internal.TestMethodWorker.run(TestMethodWorker.java:128)
	at java.util.ArrayList.forEach(Unknown Source)
	at org.testng.TestRunner.privateRun(TestRunner.java:794)
	at org.testng.TestRunner.run(TestRunner.java:596)
	at org.testng.SuiteRunner.runTest(SuiteRunner.java:377)
	at org.testng.SuiteRunner.runSequentially(SuiteRunner.java:371)
	at org.testng.SuiteRunner.privateRun(SuiteRunner.java:332)
	at org.testng.SuiteRunner.run(SuiteRunner.java:276)
	at org.testng.SuiteRunnerWorker.runSuite(SuiteRunnerWorker.java:53)
	at org.testng.SuiteRunnerWorker.run(SuiteRunnerWorker.java:96)
	at org.testng.TestNG.runSuitesSequentially(TestNG.java:1212)
	at org.testng.TestNG.runSuitesLocally(TestNG.java:1134)
	at org.testng.TestNG.runSuites(TestNG.java:1063)
	at org.testng.TestNG.run(TestNG.java:1031)
	at org.testng.remote.AbstractRemoteTestNG.run(AbstractRemoteTestNG.java:115)
	at org.testng.remote.RemoteTestNG.initAndRun(RemoteTestNG.java:251)
	at org.testng.remote.RemoteTestNG.main(RemoteTestNG.java:77)
</pre></div></td>
<td>0</td>
<td>cp.testCases.HomepageTest@1ee807c6</td></tr>
</table><p>
<table width='100%' border='1' class='invocation-passed'>
<tr><td colspan='4' align='center'><b>PASSED TESTS</b></td></tr>
<tr><td><b>Test method</b></td>
<td width="30%"><b>Exception</b></td>
<td width="10%"><b>Time (seconds)</b></td>
<td><b>Instance</b></td>
</tr>
<tr>
<td title='cp.testCases.ApplynowTest.verifySubmitLoanApplication()'><b>verifySubmitLoanApplication</b><br>Test class: cp.testCases.ApplynowTest</td>
<td></td>
<td>23</td>
<td>cp.testCases.ApplynowTest@45afc369</td></tr>
<tr>
<td title='cp.testCases.BankInfoTest.verifyPlaidBankConnect()'><b>verifyPlaidBankConnect</b><br>Test class: cp.testCases.BankInfoTest</td>
<td></td>
<td>20</td>
<td>cp.testCases.BankInfoTest@71a794e5</td></tr>
<tr>
<td title='cp.testCases.HomepageTest.verifyPagetitle()'><b>verifyPagetitle</b><br>Test class: cp.testCases.HomepageTest</td>
<td></td>
<td>0</td>
<td>cp.testCases.HomepageTest@1ee807c6</td></tr>
<tr>
<td title='cp.testCases.BankInfoTest.verifybankInfoElements()'><b>verifybankInfoElements</b><br>Test class: cp.testCases.BankInfoTest</td>
<td></td>
<td>30</td>
<td>cp.testCases.BankInfoTest@71a794e5</td></tr>
<tr>
<td title='cp.testCases.HomepageTest.verifyLinks()'><b>verifyLinks</b><br>Test class: cp.testCases.HomepageTest</td>
<td></td>
<td>8</td>
<td>cp.testCases.HomepageTest@1ee807c6</td></tr>
<tr>
<td title='cp.testCases.ApplynowTest.verifyBasicinfo()'><b>verifyBasicinfo</b><br>Test class: cp.testCases.ApplynowTest</td>
<td></td>
<td>22</td>
<td>cp.testCases.ApplynowTest@45afc369</td></tr>
<tr>
<td title='cp.testCases.BankInfoTest.verifyPlaidBankLogin()'><b>verifyPlaidBankLogin</b><br>Test class: cp.testCases.BankInfoTest</td>
<td></td>
<td>6</td>
<td>cp.testCases.BankInfoTest@71a794e5</td></tr>
<tr>
<td title='cp.testCases.offersTest.verifyRightPanel()'><b>verifyRightPanel</b><br>Test class: cp.testCases.offersTest</td>
<td></td>
<td>2</td>
<td>cp.testCases.offersTest@282003e1</td></tr>
<tr>
<td title='cp.testCases.offersTest.verifyOffercontainer()'><b>verifyOffercontainer</b><br>Test class: cp.testCases.offersTest</td>
<td></td>
<td>0</td>
<td>cp.testCases.offersTest@282003e1</td></tr>
<tr>
<td title='cp.testCases.IncomeInfoTest.VerifyIncomeInfoText()'><b>VerifyIncomeInfoText</b><br>Test class: cp.testCases.IncomeInfoTest</td>
<td></td>
<td>15</td>
<td>cp.testCases.IncomeInfoTest@5e25a92e</td></tr>
<tr>
<td title='cp.testCases.sfdataTest.salesforceOpp()'><b>salesforceOpp</b><br>Test class: cp.testCases.sfdataTest</td>
<td></td>
<td>1</td>
<td>cp.testCases.sfdataTest@2bbaf4f0</td></tr>
<tr>
<td title='cp.testCases.ApplynowTest.verfiylogo()'><b>verfiylogo</b><br>Test class: cp.testCases.ApplynowTest</td>
<td></td>
<td>0</td>
<td>cp.testCases.ApplynowTest@45afc369</td></tr>
<tr>
<td title='cp.testCases.PaymentSetupTest.verifyRepaymentDetails()'><b>verifyRepaymentDetails</b><br>Test class: cp.testCases.PaymentSetupTest</td>
<td></td>
<td>10</td>
<td>cp.testCases.PaymentSetupTest@b59d31</td></tr>
<tr>
<td title='cp.testCases.sfloginTest.salesforcelogintest()'><b>salesforcelogintest</b><br>Test class: cp.testCases.sfloginTest</td>
<td></td>
<td>3</td>
<td>cp.testCases.sfloginTest@d6da883</td></tr>
<tr>
<td title='cp.testCases.sfdataTest.salesforcedata()'><b>salesforcedata</b><br>Test class: cp.testCases.sfdataTest</td>
<td></td>
<td>4</td>
<td>cp.testCases.sfdataTest@2bbaf4f0</td></tr>
<tr>
<td title='cp.testCases.offersTest.verifySlidermovement()'><b>verifySlidermovement</b><br>Test class: cp.testCases.offersTest</td>
<td></td>
<td>0</td>
<td>cp.testCases.offersTest@282003e1</td></tr>
<tr>
<td title='cp.testCases.offersTest.verifySelectOffer()'><b>verifySelectOffer</b><br>Test class: cp.testCases.offersTest</td>
<td></td>
<td>0</td>
<td>cp.testCases.offersTest@282003e1</td></tr>
<tr>
<td title='cp.testCases.IncomeInfoTest.verifyEnterBankDetails()'><b>verifyEnterBankDetails</b><br>Test class: cp.testCases.IncomeInfoTest</td>
<td></td>
<td>1</td>
<td>cp.testCases.IncomeInfoTest@5e25a92e</td></tr>
<tr>
<td title='cp.testCases.offersTest.verifyotpbox()'><b>verifyotpbox</b><br>Test class: cp.testCases.offersTest</td>
<td></td>
<td>3</td>
<td>cp.testCases.offersTest@282003e1</td></tr>
</table><p>
</body>
</html>