<?xml version="1.0" encoding="UTF-8"?>
<!-- Generated by org.testng.reporters.JUnitXMLReporter -->
<testsuite hostname="Trantor-LP475" ignored="6" name="smoke" tests="24" failures="4" timestamp="2023-08-25T15:43:01 IST" time="221.321" errors="0">
  <testcase name="verifyPagetitle" time="0.014" classname="cp.testCases.HomepageTest"/>
  <testcase name="verifyLogo" time="0.058" classname="cp.testCases.HomepageTest">
    <failure type="java.lang.AssertionError" message="expected [true] but found [false]">
      <![CDATA[java.lang.AssertionError: expected [true] but found [false]
at cp.testCases.HomepageTest.verifyLogo(HomepageTest.java:70)
at java.util.ArrayList.forEach(Unknown Source)
... Removed 33 stack frames]]>
    </failure>
  </testcase> <!-- verifyLogo -->
  <testcase name="verifyLinks" time="8.811" classname="cp.testCases.HomepageTest"/>
  <testcase name="salesforcelogintest" time="2.761" classname="cp.testCases.sfloginTest"/>
  <testcase name="verfiylogo" time="0.039" classname="cp.testCases.ApplynowTest"/>
  <testcase name="verifyBasicinfo" time="14.048" classname="cp.testCases.ApplynowTest"/>
  <testcase name="verifySubmitLoanApplication" time="24.191" classname="cp.testCases.ApplynowTest"/>
  <testcase name="salesforcedata" time="2.323" classname="cp.testCases.sfdataTest"/>
  <testcase name="salesforceOpp" time="1.782" classname="cp.testCases.sfdataTest"/>
  <testcase name="verifyotpbox" time="2.323" classname="cp.testCases.offersTest"/>
  <testcase name="verifyRightPanel" time="2.645" classname="cp.testCases.offersTest"/>
  <testcase name="verifySlidermovement" time="0.341" classname="cp.testCases.offersTest"/>
  <testcase name="verifyOffercontainer" time="0.278" classname="cp.testCases.offersTest"/>
  <testcase name="verifySelectOffer" time="0.061" classname="cp.testCases.offersTest"/>
  <testcase name="verifybankInfoElements" time="20.175" classname="cp.testCases.BankInfoTest"/>
  <testcase name="verifyPlaidBankConnect" time="22.358" classname="cp.testCases.BankInfoTest"/>
  <testcase name="verifyPlaidBankLogin" time="5.705" classname="cp.testCases.BankInfoTest"/>
  <testcase name="VerifyIncomeInfoText" time="13.326" classname="cp.testCases.IncomeInfoTest"/>
  <testcase name="verifyEnterBankDetails" time="0.691" classname="cp.testCases.IncomeInfoTest"/>
  <testcase name="verifyRepaymentInfoText" time="8.846" classname="cp.testCases.PaymentSetupTest"/>
  <testcase name="verifyRepaymentDetails" time="2.245" classname="cp.testCases.PaymentSetupTest"/>
  <testcase name="verifyconsent1" time="59.117" classname="cp.testCases.TilapageTest">
    <failure type="java.lang.AssertionError" message="expected [true] but found [false]">
      <![CDATA[java.lang.AssertionError: expected [true] but found [false]
at cp.testCases.TilapageTest.verifyconsent1(TilapageTest.java:30)
at java.util.ArrayList.forEach(Unknown Source)
... Removed 33 stack frames]]>
    </failure>
  </testcase> <!-- verifyconsent1 -->
  <testcase name="verifyconsent2" time="10.061" classname="cp.testCases.TilapageTest">
    <failure type="java.lang.AssertionError" message="expected [true] but found [false]">
      <![CDATA[java.lang.AssertionError: expected [true] but found [false]
at cp.testCases.TilapageTest.verifyconsent2(TilapageTest.java:36)
at java.util.ArrayList.forEach(Unknown Source)
... Removed 33 stack frames]]>
    </failure>
  </testcase> <!-- verifyconsent2 -->
  <testcase name="verifySignContract" time="10.061" classname="cp.testCases.TilapageTest">
    <failure type="java.lang.AssertionError" message="expected [true] but found [false]">
      <![CDATA[java.lang.AssertionError: expected [true] but found [false]
at cp.testCases.TilapageTest.verifySignContract(TilapageTest.java:42)
at java.util.ArrayList.forEach(Unknown Source)
... Removed 33 stack frames]]>
    </failure>
  </testcase> <!-- verifySignContract -->
  <testcase name="@BeforeSuite beforeSuite" time="0.0" classname="cp.extentreport.ExtentTestNGReportBuilder">
    <ignored/>
  </testcase> <!-- @BeforeSuite beforeSuite -->
  <testcase name="@BeforeSuite beforeSuite" time="0.0" classname="cp.extentreport.ExtentTestNGReportBuilder">
    <ignored/>
  </testcase> <!-- @BeforeSuite beforeSuite -->
  <testcase name="@BeforeSuite beforeSuite" time="0.0" classname="cp.extentreport.ExtentTestNGReportBuilder">
    <ignored/>
  </testcase> <!-- @BeforeSuite beforeSuite -->
  <testcase name="@BeforeSuite beforeSuite" time="0.0" classname="cp.extentreport.ExtentTestNGReportBuilder">
    <ignored/>
  </testcase> <!-- @BeforeSuite beforeSuite -->
  <testcase name="@BeforeSuite beforeSuite" time="0.0" classname="cp.extentreport.ExtentTestNGReportBuilder">
    <ignored/>
  </testcase> <!-- @BeforeSuite beforeSuite -->
  <testcase name="@BeforeSuite beforeSuite" time="0.0" classname="cp.extentreport.ExtentTestNGReportBuilder">
    <ignored/>
  </testcase> <!-- @BeforeSuite beforeSuite -->
</testsuite> <!-- smoke -->
